getpwuid_r did not find a match for uid 501
Filtering the log data using "composedMessage CONTAINS "fx-verify""
Timestamp               Ty Process[PID:TID]
2026-06-10 20:43:13.759 Df reactnativefxexample[55302:5d92bb] (Foundation) fx-verify hitTest winner=UIVisualEffectView point=(79.0, 74.99995930989598)
2026-06-10 20:43:13.759 Df reactnativefxexample[55302:5d92bb] (Foundation) fx-verify tree FxGlassSurfaceView gestures=[none] interactions=[]
2026-06-10 20:43:13.770 Df reactnativefxexample[55302:5d92bb] (Foundation) fx-verify tree · UIVisualEffectView gestures=[none] interactions=[_UIFlexInteraction,_UIUpdateLinkViewInteraction] effect=UIGlassEffect isInteractive=true
2026-06-10 20:43:13.770 Df reactnativefxexample[55302:5d92bb] (Foundation) fx-verify hitTest winner=UIVisualEffectView point=(79.0, 74.99995930989598)
2026-06-10 20:43:13.771 Df reactnativefxexample[55302:5d92bb] (Foundation) fx-verify hitTest winner=UIVisualEffectView point=(79.0, 74.99995930989598)
2026-06-10 20:43:13.771 Df reactnativefxexample[55302:5d92bb] (Foundation) fx-verify hitTest winner=UIVisualEffectView point=(79.0, 74.99995930989598)
2026-06-10 20:43:13.772 Df reactnativefxexample[55302:5d92bb] (Foundation) fx-verify hitTest winner=UIVisualEffectView point=(79.0, 74.99995930989598)
2026-06-10 20:43:13.772 Df reactnativefxexample[55302:5d92bb] (Foundation) fx-verify hitTest winner=UIVisualEffectView point=(79.0, 74.99995930989598)
2026-06-10 20:43:13.772 Df reactnativefxexample[55302:5d92bb] (Foundation) fx-verify hitTest winner=UIVisualEffectView point=(79.0, 74.99995930989598)
2026-06-10 20:43:13.772 Df reactnativefxexample[55302:5d92bb] (Foundation) fx-verify hitTest winner=UIVisualEffectView point=(79.0, 74.99995930989598)
2026-06-10 20:43:13.772 Df reactnativefxexample[55302:5d92bb] (Foundation) fx-verify hitTest winner=UIVisualEffectView point=(79.0, 74.99995930989598)
2026-06-10 20:43:14.659 Df reactnativefxexample[55302:5d92bb] (Foundation) fx-verify hitTest winner=UIVisualEffectView point=(79.0, 74.99995930989598)
2026-06-10 20:43:14.659 Df reactnativefxexample[55302:5d92bb] (Foundation) fx-verify tree FxGlassSurfaceView gestures=[none] interactions=[]
2026-06-10 20:43:14.659 Df reactnativefxexample[55302:5d92bb] (Foundation) fx-verify tree · UIVisualEffectView gestures=[none] interactions=[_UIFlexInteraction,_UIUpdateLinkViewInteraction] effect=UIGlassEffect isInteractive=true
2026-06-10 20:43:14.660 Df reactnativefxexample[55302:5d92bb] (Foundation) fx-verify hitTest winner=UIVisualEffectView point=(79.0, 74.99995930989598)
2026-06-10 20:43:14.660 Df reactnativefxexample[55302:5d92bb] (Foundation) fx-verify hitTest winner=UIVisualEffectView point=(79.0, 74.99995930989598)
2026-06-10 20:43:14.661 Df reactnativefxexample[55302:5d92bb] (Foundation) fx-verify hitTest winner=UIVisualEffectView point=(79.0, 74.99995930989598)
2026-06-10 20:43:14.661 Df reactnativefxexample[55302:5d92bb] (Foundation) fx-verify hitTest winner=UIVisualEffectView point=(79.0, 74.99995930989598)
2026-06-10 20:43:14.661 Df reactnativefxexample[55302:5d92bb] (Foundation) fx-verify hitTest winner=UIVisualEffectView point=(79.0, 74.99995930989598)
2026-06-10 20:43:14.661 Df reactnativefxexample[55302:5d92bb] (Foundation) fx-verify hitTest winner=UIVisualEffectView point=(79.0, 74.99995930989598)
2026-06-10 20:43:14.661 Df reactnativefxexample[55302:5d92bb] (Foundation) fx-verify hitTest winner=UIVisualEffectView point=(79.0, 74.99995930989598)
2026-06-10 20:43:14.661 Df reactnativefxexample[55302:5d92bb] (Foundation) fx-verify hitTest winner=UIVisualEffectView point=(79.0, 74.99995930989598)
2026-06-10 20:43:15.576 Df reactnativefxexample[55302:5d92bb] (Foundation) fx-verify hitTest winner=UIVisualEffectView point=(79.0, 74.99995930989598)
2026-06-10 20:43:15.576 Df reactnativefxexample[55302:5d92bb] (Foundation) fx-verify tree FxGlassSurfaceView gestures=[none] interactions=[]
2026-06-10 20:43:15.576 Df reactnativefxexample[55302:5d92bb] (Foundation) fx-verify tree · UIVisualEffectView gestures=[none] interactions=[_UIFlexInteraction,_UIUpdateLinkViewInteraction] effect=UIGlassEffect isInteractive=true
2026-06-10 20:43:15.576 Df reactnativefxexample[55302:5d92bb] (Foundation) fx-verify hitTest winner=UIVisualEffectView point=(79.0, 74.99995930989598)
2026-06-10 20:43:15.577 Df reactnativefxexample[55302:5d92bb] (Foundation) fx-verify hitTest winner=UIVisualEffectView point=(79.0, 74.99995930989598)
2026-06-10 20:43:15.577 Df reactnativefxexample[55302:5d92bb] (Foundation) fx-verify hitTest winner=UIVisualEffectView point=(79.0, 74.99995930989598)
2026-06-10 20:43:15.577 Df reactnativefxexample[55302:5d92bb] (Foundation) fx-verify hitTest winner=UIVisualEffectView point=(79.0, 74.99995930989598)
2026-06-10 20:43:15.578 Df reactnativefxexample[55302:5d92bb] (Foundation) fx-verify hitTest winner=UIVisualEffectView point=(79.0, 74.99995930989598)
2026-06-10 20:43:15.578 Df reactnativefxexample[55302:5d92bb] (Foundation) fx-verify hitTest winner=UIVisualEffectView point=(79.0, 74.99995930989598)
2026-06-10 20:43:15.578 Df reactnativefxexample[55302:5d92bb] (Foundation) fx-verify hitTest winner=UIVisualEffectView point=(79.0, 74.99995930989598)
2026-06-10 20:43:15.578 Df reactnativefxexample[55302:5d92bb] (Foundation) fx-verify hitTest winner=UIVisualEffectView point=(79.0, 74.99995930989598)
2026-06-10 20:43:16.476 Df reactnativefxexample[55302:5d92bb] (Foundation) fx-verify hitTest winner=UIVisualEffectView point=(79.0, 74.99995930989598)
2026-06-10 20:43:16.476 Df reactnativefxexample[55302:5d92bb] (Foundation) fx-verify tree FxGlassSurfaceView gestures=[none] interactions=[]
2026-06-10 20:43:16.476 Df reactnativefxexample[55302:5d92bb] (Foundation) fx-verify tree · UIVisualEffectView gestures=[none] interactions=[_UIFlexInteraction,_UIUpdateLinkViewInteraction] effect=UIGlassEffect isInteractive=true
2026-06-10 20:43:16.476 Df reactnativefxexample[55302:5d92bb] (Foundation) fx-verify hitTest winner=UIVisualEffectView point=(79.0, 74.99995930989598)
2026-06-10 20:43:16.477 Df reactnativefxexample[55302:5d92bb] (Foundation) fx-verify hitTest winner=UIVisualEffectView point=(79.0, 74.99995930989598)
2026-06-10 20:43:16.477 Df reactnativefxexample[55302:5d92bb] (Foundation) fx-verify hitTest winner=UIVisualEffectView point=(79.0, 74.99995930989598)
2026-06-10 20:43:16.478 Df reactnativefxexample[55302:5d92bb] (Foundation) fx-verify hitTest winner=UIVisualEffectView point=(79.0, 74.99995930989598)
2026-06-10 20:43:16.478 Df reactnativefxexample[55302:5d92bb] (Foundation) fx-verify hitTest winner=UIVisualEffectView point=(79.0, 74.99995930989598)
2026-06-10 20:43:16.478 Df reactnativefxexample[55302:5d92bb] (Foundation) fx-verify hitTest winner=UIVisualEffectView point=(79.0, 74.99995930989598)
2026-06-10 20:43:16.478 Df reactnativefxexample[55302:5d92bb] (Foundation) fx-verify hitTest winner=UIVisualEffectView point=(79.0, 74.99995930989598)
2026-06-10 20:43:16.478 Df reactnativefxexample[55302:5d92bb] (Foundation) fx-verify hitTest winner=UIVisualEffectView point=(79.0, 74.99995930989598)
2026-06-10 20:43:17.376 Df reactnativefxexample[55302:5d92bb] (Foundation) fx-verify hitTest winner=UIVisualEffectView point=(79.0, 74.99995930989598)
2026-06-10 20:43:17.376 Df reactnativefxexample[55302:5d92bb] (Foundation) fx-verify tree FxGlassSurfaceView gestures=[none] interactions=[]
2026-06-10 20:43:17.376 Df reactnativefxexample[55302:5d92bb] (Foundation) fx-verify tree · UIVisualEffectView gestures=[none] interactions=[_UIFlexInteraction,_UIUpdateLinkViewInteraction] effect=UIGlassEffect isInteractive=true
2026-06-10 20:43:17.376 Df reactnativefxexample[55302:5d92bb] (Foundation) fx-verify hitTest winner=UIVisualEffectView point=(79.0, 74.99995930989598)
2026-06-10 20:43:17.377 Df reactnativefxexample[55302:5d92bb] (Foundation) fx-verify hitTest winner=UIVisualEffectView point=(79.0, 74.99995930989598)
2026-06-10 20:43:17.377 Df reactnativefxexample[55302:5d92bb] (Foundation) fx-verify hitTest winner=UIVisualEffectView point=(79.0, 74.99995930989598)
2026-06-10 20:43:17.378 Df reactnativefxexample[55302:5d92bb] (Foundation) fx-verify hitTest winner=UIVisualEffectView point=(79.0, 74.99995930989598)
2026-06-10 20:43:17.378 Df reactnativefxexample[55302:5d92bb] (Foundation) fx-verify hitTest winner=UIVisualEffectView point=(79.0, 74.99995930989598)
2026-06-10 20:43:17.378 Df reactnativefxexample[55302:5d92bb] (Foundation) fx-verify hitTest winner=UIVisualEffectView point=(79.0, 74.99995930989598)
2026-06-10 20:43:17.378 Df reactnativefxexample[55302:5d92bb] (Foundation) fx-verify hitTest winner=UIVisualEffectView point=(79.0, 74.99995930989598)
2026-06-10 20:43:17.378 Df reactnativefxexample[55302:5d92bb] (Foundation) fx-verify hitTest winner=UIVisualEffectView point=(79.0, 74.99995930989598)
Child process terminated with signal 15: Terminated
